Build started 16/07/2019 1:30:47 PM.
     1>Project "C:\Users\Admin\Desktop\Placements\VirtualFileSystem\VirtualFileSystem\VirtualFileSystem.vcxproj" on node 2 (build target(s)).
     1>InitializeBuildStatus:
         Creating "Debug\VirtualFileSystem.unsuccessfulbuild" because "AlwaysCreate" was specified.
       ClCompile:
         C:\Program Files (x86)\Microsoft Visual Studio 10.0\VC\bin\CL.exe /c /ZI /nologo /W3 /WX- /Od /Oy- /D WIN32 /D _DEBUG /D _CONSOLE /D _UNICODE /D UNICODE /Gm /EHsc /RTC1 /MDd /GS /fp:precise /Zc:wchar_t /Zc:forScope /Fo"Debug\\" /Fd"Debug\vc100.pdb" /Gd /TP /analyze- /errorReport:prompt VFS.cpp
         VFS.cpp
     1>c:\users\admin\desktop\placements\virtualfilesystem\virtualfilesystem\vfs.cpp(283): warning C4715: 'rm_File' : not all control paths return a value
     1>c:\users\admin\desktop\placements\virtualfilesystem\virtualfilesystem\vfs.cpp(467): warning C4715: 'LseekFile' : not all control paths return a value
     1>c:\users\admin\desktop\placements\virtualfilesystem\virtualfilesystem\vfs.cpp(557): warning C4715: 'truncate_File' : not all control paths return a value
       ManifestResourceCompile:
         All outputs are up-to-date.
       Link:
         C:\Program Files (x86)\Microsoft Visual Studio 10.0\VC\bin\link.exe /ERRORREPORT:PROMPT /OUT:"C:\Users\Admin\Desktop\Placements\VirtualFileSystem\Debug\VirtualFileSystem.exe" /INCREMENTAL /NOLOGO kernel32.lib user32.lib gdi32.lib winspool.lib comdlg32.lib advapi32.lib shell32.lib ole32.lib oleaut32.lib uuid.lib odbc32.lib odbccp32.lib /MANIFEST /ManifestFile:"Debug\VirtualFileSystem.exe.intermediate.manifest" /MANIFESTUAC:"level='asInvoker' uiAccess='false'" /DEBUG /PDB:"C:\Users\Admin\Desktop\Placements\VirtualFileSystem\Debug\VirtualFileSystem.pdb" /SUBSYSTEM:CONSOLE /TLBID:1 /DYNAMICBASE /NXCOMPAT /IMPLIB:"C:\Users\Admin\Desktop\Placements\VirtualFileSystem\Debug\VirtualFileSystem.lib" /MACHINE:X86 Debug\VirtualFileSystem.exe.embed.manifest.res
         Debug\VFS.obj
       Manifest:
         C:\Program Files (x86)\Microsoft SDKs\Windows\v7.0A\bin\mt.exe /nologo /verbose /out:"Debug\VirtualFileSystem.exe.embed.manifest" /manifest Debug\VirtualFileSystem.exe.intermediate.manifest
         All outputs are up-to-date.
       LinkEmbedManifest:
         All outputs are up-to-date.
         VirtualFileSystem.vcxproj -> C:\Users\Admin\Desktop\Placements\VirtualFileSystem\Debug\VirtualFileSystem.exe
       FinalizeBuildStatus:
         Deleting file "Debug\VirtualFileSystem.unsuccessfulbuild".
         Touching "Debug\VirtualFileSystem.lastbuildstate".
     1>Done Building Project "C:\Users\Admin\Desktop\Placements\VirtualFileSystem\VirtualFileSystem\VirtualFileSystem.vcxproj" (build target(s)).

Build succeeded.

Time Elapsed 00:00:01.66
